Vivado Simulator 2018.3
Copyright 1986-1999, 2001-2018 Xilinx, Inc. All Rights Reserved.
Running: /home/diego/Vivado/Vivado/2018.3/bin/unwrapped/lnx64.o/xelab -wto 70f679aed42d45d2b5f14233646fdb7c --incr --debug typical --relax --mt 8 -L xil_defaultlib -L secureip --snapshot Temorizador_8_bits_TB_behav xil_defaultlib.Temorizador_8_bits_TB -log elaborate.log 
Using 8 slave threads.
Starting static elaboration
Completed static elaboration
Starting simulation data flow analysis
Completed simulation data flow analysis
Time Resolution for simulation is 1ps
Compiling package std.standard
Compiling package std.textio
Compiling package ieee.std_logic_1164
Compiling package ieee.numeric_std
Compiling package ieee.std_logic_arith
Compiling architecture behavioral of entity xil_defaultlib.D_flip_flop [d_flip_flop_default]
Compiling architecture behavioral of entity xil_defaultlib.contador_descendente [contador_descendente_default]
Compiling architecture behavioral of entity xil_defaultlib.detector_flancos [detector_flancos_default]
Compiling architecture behavioral of entity xil_defaultlib.mux_2c_1b [mux_2c_1b_default]
Compiling architecture behavioral of entity xil_defaultlib.registro_contol [registro_contol_default]
Compiling architecture behavioral of entity xil_defaultlib.registro_recarga [registro_recarga_default]
Compiling architecture behavioral of entity xil_defaultlib.Temporizador_8_bits [temporizador_8_bits_default]
Compiling architecture behavioral of entity xil_defaultlib.temorizador_8_bits_tb
Built simulation snapshot Temorizador_8_bits_TB_behav
