INFO: [VRFC 10-163] Analyzing VHDL file "/home/diego/Escritorio/JuegoPicoblaze/Practica10/Practica10.srcs/sources_1/new/memoria_ROM.vhd" into library xil_defaultlib
INFO: [VRFC 10-3107] analyzing entity 'memoria_ROM'
INFO: [VRFC 10-163] Analyzing VHDL file "/home/diego/Escritorio/JuegoPicoblaze/Practica10/Practica10.srcs/sim_1/new/TB_ROM.vhd" into library xil_defaultlib
INFO: [VRFC 10-3107] analyzing entity 'TB_ROM'
INFO: [VRFC 10-163] Analyzing VHDL file "/home/diego/Escritorio/JuegoPicoblaze/Practica10/Practica10.srcs/sources_1/new/Biestable_ps2_data.vhd" into library xil_defaultlib
INFO: [VRFC 10-3107] analyzing entity 'Biestable_ps2_data'
INFO: [VRFC 10-163] Analyzing VHDL file "/home/diego/Escritorio/JuegoPicoblaze/Practica10/Practica10.srcs/sources_1/new/Control_visualizador_dinamico_8digitos_7seg.vhd" into library xil_defaultlib
INFO: [VRFC 10-3107] analyzing entity 'Control_visualizador_dinamico_8digitos_7seg'
INFO: [VRFC 10-163] Analyzing VHDL file "/home/diego/Escritorio/JuegoPicoblaze/Practica10/Practica10.srcs/sources_1/new/D_flip_flop.vhd" into library xil_defaultlib
INFO: [VRFC 10-3107] analyzing entity 'd_flip_flop'
INFO: [VRFC 10-163] Analyzing VHDL file "/home/diego/Escritorio/JuegoPicoblaze/Practica10/Practica10.srcs/sources_1/new/Detector_paridad.vhd" into library xil_defaultlib
INFO: [VRFC 10-3107] analyzing entity 'Detector_paridad'
INFO: [VRFC 10-163] Analyzing VHDL file "/home/diego/Escritorio/JuegoPicoblaze/Practica10/Practica10.srcs/sources_1/new/Generador_CE_1KHz.vhd" into library xil_defaultlib
INFO: [VRFC 10-3107] analyzing entity 'Generador_CE_1KHz'
INFO: [VRFC 10-163] Analyzing VHDL file "/home/diego/Escritorio/JuegoPicoblaze/Practica10/Practica10.srcs/sources_1/new/Maquina_estados.vhd" into library xil_defaultlib
INFO: [VRFC 10-3107] analyzing entity 'Maquina_estados'
INFO: [VRFC 10-163] Analyzing VHDL file "/home/diego/Escritorio/JuegoPicoblaze/Practica10/Practica10.srcs/sources_1/new/Reg.vhd" into library xil_defaultlib
INFO: [VRFC 10-3107] analyzing entity 'Reg'
INFO: [VRFC 10-163] Analyzing VHDL file "/home/diego/Escritorio/JuegoPicoblaze/Practica10/Practica10.srcs/sources_1/new/Reg_parity.vhd" into library xil_defaultlib
INFO: [VRFC 10-3107] analyzing entity 'Reg_parity'
INFO: [VRFC 10-163] Analyzing VHDL file "/home/diego/Escritorio/JuegoPicoblaze/Practica10/Practica10.srcs/sources_1/new/Sistema_empotrado.vhd" into library xil_defaultlib
INFO: [VRFC 10-3107] analyzing entity 'Sistema_empotrado'
INFO: [VRFC 10-163] Analyzing VHDL file "/home/diego/Escritorio/JuegoPicoblaze/Practica10/Practica10.srcs/sources_1/new/Unidad_Operativa.vhd" into library xil_defaultlib
INFO: [VRFC 10-3107] analyzing entity 'Unidad_Operativa'
INFO: [VRFC 10-163] Analyzing VHDL file "/home/diego/Escritorio/JuegoPicoblaze/Practica10/Practica10.srcs/sources_1/new/codificador_con_prioridad_2_a_1.vhd" into library xil_defaultlib
INFO: [VRFC 10-3107] analyzing entity 'codificador_con_prioridad_2_a_1'
INFO: [VRFC 10-163] Analyzing VHDL file "/home/diego/Escritorio/JuegoPicoblaze/Practica10/Practica10.srcs/sources_1/new/contador.vhd" into library xil_defaultlib
INFO: [VRFC 10-3107] analyzing entity 'contador_estados'
INFO: [VRFC 10-163] Analyzing VHDL file "/home/diego/Escritorio/JuegoPicoblaze/Practica10/Practica10.srcs/sources_1/new/decodificador_1_a_2.vhd" into library xil_defaultlib
INFO: [VRFC 10-3107] analyzing entity 'decodificador_1_a_2'
INFO: [VRFC 10-163] Analyzing VHDL file "/home/diego/Escritorio/JuegoPicoblaze/Practica10/Practica10.srcs/sources_1/new/detector_flancos.vhd" into library xil_defaultlib
INFO: [VRFC 10-3107] analyzing entity 'detector_flancos'
INFO: [VRFC 10-163] Analyzing VHDL file "/home/diego/Escritorio/JuegoPicoblaze/Practica10/Practica10.srcs/sources_1/new/gestion_2_interrupciones.vhd" into library xil_defaultlib
INFO: [VRFC 10-3107] analyzing entity 'gestion_2_interrupciones'
INFO: [VRFC 10-163] Analyzing VHDL file "/home/diego/Escritorio/JuegoPicoblaze/Practica10/Practica10.srcs/sources_1/new/interfaz_ps2.vhd" into library xil_defaultlib
INFO: [VRFC 10-3107] analyzing entity 'interfaz_ps2'
INFO: [VRFC 10-163] Analyzing VHDL file "/home/diego/Escritorio/JuegoPicoblaze/Practica10/Sw/kcpsm3.vhd" into library xil_defaultlib
INFO: [VRFC 10-3107] analyzing entity 'kcpsm3'
INFO: [VRFC 10-163] Analyzing VHDL file "/home/diego/Escritorio/JuegoPicoblaze/Practica10/Practica10.srcs/sources_1/new/or_2_bits.vhd" into library xil_defaultlib
INFO: [VRFC 10-3107] analyzing entity 'or_2_bits'
INFO: [VRFC 10-163] Analyzing VHDL file "/home/diego/Escritorio/JuegoPicoblaze/Practica10/Sw/picoblaze3_empotrado_s7.vhd" into library xil_defaultlib
INFO: [VRFC 10-3107] analyzing entity 'picoblaze3_empotrado_s7'
INFO: [VRFC 10-163] Analyzing VHDL file "/home/diego/Escritorio/JuegoPicoblaze/Practica10/Sw/picocode_s7.vhd" into library xil_defaultlib
INFO: [VRFC 10-3107] analyzing entity 'picocode_s7'
INFO: [VRFC 10-163] Analyzing VHDL file "/home/diego/Escritorio/JuegoPicoblaze/Practica10/Practica10.srcs/sources_1/new/reg_desplazamiento.vhd" into library xil_defaultlib
INFO: [VRFC 10-3107] analyzing entity 'reg_desplazamiento'
INFO: [VRFC 10-163] Analyzing VHDL file "/home/diego/Escritorio/JuegoPicoblaze/Practica10/Practica10.srcs/sources_1/new/registro_8_bits.vhd" into library xil_defaultlib
INFO: [VRFC 10-3107] analyzing entity 'registro_8_bits'
INFO: [VRFC 10-163] Analyzing VHDL file "/home/diego/Escritorio/JuegoPicoblaze/Practica10/Practica10.srcs/sources_1/new/rs_flip_flop.vhd" into library xil_defaultlib
INFO: [VRFC 10-3107] analyzing entity 'rs_flip_flop'
INFO: [VRFC 10-163] Analyzing VHDL file "/home/diego/Escritorio/JuegoPicoblaze/Practica10/Practica10.srcs/sources_1/new/selec_16_entradas_con_reg_y_bypass.vhd" into library xil_defaultlib
INFO: [VRFC 10-3107] analyzing entity 'selec_16_entradas_con_reg_y_bypass'
INFO: [VRFC 10-163] Analyzing VHDL file "/home/diego/Escritorio/JuegoPicoblaze/Practica10/Practica10.srcs/sources_1/new/selec_16_salidas_con_reg_y_mem_esc_lec.vhd" into library xil_defaultlib
INFO: [VRFC 10-3107] analyzing entity 'selec_16_salidas_con_reg_y_mem_esc_lec'
INFO: [VRFC 10-163] Analyzing VHDL file "/home/diego/Escritorio/JuegoPicoblaze/Practica10/Practica10.srcs/sim_1/new/TB_Sistem_Empotrado.vhd" into library xil_defaultlib
INFO: [VRFC 10-3107] analyzing entity 'TB_Sistem_Empotrado'
INFO: [VRFC 10-163] Analyzing VHDL file "/home/diego/Escritorio/JuegoPicoblaze/Practica10/Practica10.srcs/sources_1/new/Sistema_empotrado.vhd" into library xil_defaultlib
INFO: [VRFC 10-3107] analyzing entity 'Sistema_empotrado'
INFO: [VRFC 10-163] Analyzing VHDL file "/home/diego/Escritorio/JuegoPicoblaze/Practica10/Sw/picocode_s7.vhd" into library xil_defaultlib
INFO: [VRFC 10-3107] analyzing entity 'picocode_s7'
