Vivado Simulator 2018.3
Copyright 1986-1999, 2001-2018 Xilinx, Inc. All Rights Reserved.
Running: /home/diego/Vivado/Vivado/2018.3/bin/unwrapped/lnx64.o/xelab -wto c0ec3485b32b421b966dba8f3ed8d8d1 --incr --debug typical --relax --mt 8 -L xil_defaultlib -L secureip --snapshot TB_Sistem_Empotrado_behav xil_defaultlib.TB_Sistem_Empotrado -log elaborate.log 
Using 8 slave threads.
Starting static elaboration
Completed static elaboration
Starting simulation data flow analysis
Completed simulation data flow analysis
Time Resolution for simulation is 1ps
Compiling package std.standard
Compiling package std.textio
Compiling package ieee.std_logic_1164
Compiling package ieee.numeric_std
Compiling package ieee.std_logic_arith
Compiling package ieee.std_logic_unsigned
Compiling package unisim.vcomponents
Compiling package ieee.vital_timing
Compiling package ieee.vital_primitives
Compiling package unisim.vpkg
Compiling package ieee.std_logic_signed
Compiling package ieee.std_logic_textio
Compiling architecture behavioral of entity xil_defaultlib.Maquina_estados [maquina_estados_default]
Compiling architecture behavioral of entity xil_defaultlib.Biestable_ps2_data [biestable_ps2_data_default]
Compiling architecture behavioral of entity xil_defaultlib.detector_flancos [detector_flancos_default]
Compiling architecture behavioral of entity xil_defaultlib.reg_desplazamiento [reg_desplazamiento_default]
Compiling architecture behavioral of entity xil_defaultlib.contador_estados [contador_estados_default]
Compiling architecture behavioral of entity xil_defaultlib.Reg [reg_default]
Compiling architecture behavioral of entity xil_defaultlib.Reg_parity [reg_parity_default]
Compiling architecture behavioral of entity xil_defaultlib.Detector_paridad [detector_paridad_default]
Compiling architecture behavioral of entity xil_defaultlib.Unidad_Operativa [unidad_operativa_default]
Compiling architecture behavioral of entity xil_defaultlib.interfaz_ps2 [interfaz_ps2_default]
Compiling architecture behavioral of entity xil_defaultlib.memoria_ROM [memoria_rom_default]
Compiling architecture behavioral of entity xil_defaultlib.Generador_CE_1KHz [generador_ce_1khz_default]
Compiling architecture behavioral of entity xil_defaultlib.selec_16_entradas_con_reg_y_bypass [selec_16_entradas_con_reg_y_bypa...]
Compiling architecture behavioral of entity xil_defaultlib.rs_flip_flop [rs_flip_flop_default]
Compiling architecture behavioral of entity xil_defaultlib.codificador_con_prioridad_2_a_1 [codificador_con_prioridad_2_a_1_...]
Compiling architecture behavioral of entity xil_defaultlib.d_flip_flop [d_flip_flop_default]
Compiling architecture behavioral of entity xil_defaultlib.or_2_bits [or_2_bits_default]
Compiling architecture behavioral of entity xil_defaultlib.decodificador_1_a_2 [decodificador_1_a_2_default]
Compiling architecture behavioral of entity xil_defaultlib.gestion_2_interrupciones [gestion_2_interrupciones_default]
Compiling architecture lut3_v of entity unisim.LUT3 [\LUT3(init="11100100")(0,7)\]
Compiling architecture lut4_v of entity unisim.LUT4 [\LUT4(init="1111111111001010")(0...]
Compiling architecture fdrse_v of entity unisim.FDRSE [fdrse_default]
Compiling architecture ram32x1d_v of entity unisim.RAM32X1D [ram32x1d_default]
Compiling architecture ram16x1d_v of entity unisim.RAM16X1D [ram16x1d_default]
Compiling architecture ram64x1s_v of entity unisim.RAM64X1S [ram64x1s_default]
Compiling architecture lut4_v of entity unisim.LUT4 [\LUT4(init="0110111010001010")(0...]
Compiling architecture lut3_v of entity unisim.LUT3 [\LUT3(init="01101100")(0,7)\]
Compiling architecture lut3_v of entity unisim.LUT3 [\LUT3(init="10010110")(0,7)\]
Compiling architecture lut2_v of entity unisim.LUT2 [\LUT2(init="0010")(0,3)\]
Compiling architecture lut3_v of entity unisim.LUT3 [\LUT3(init="11111110")(0,7)\]
Compiling architecture ram32x1s_v of entity unisim.RAM32X1S [ram32x1s_default]
Compiling architecture lut4_v of entity unisim.LUT4 [\LUT4(init="0110010101010101")(0...]
Compiling architecture lut4_v of entity unisim.LUT4 [\LUT4(init="1010100110011001")(0...]
Compiling architecture lut2_v of entity unisim.LUT2 [\LUT2(init="0001")(0,3)\]
Compiling architecture fdre_v of entity unisim.FDRE [fdre_default]
Compiling architecture fd_v of entity unisim.FD [fd_default]
Compiling architecture fdse_v of entity unisim.FDSE [fdse_default]
Compiling architecture fds_v of entity unisim.FDS [fds_default]
Compiling architecture fdr_v of entity unisim.FDR [fdr_default]
Compiling architecture lut4_v of entity unisim.LUT4 [\LUT4(init="0000000010000000")(0...]
Compiling architecture fde_v of entity unisim.FDE [fde_default]
Compiling architecture lut4_v of entity unisim.LUT4 [\LUT4(init="1110101010101010")(0...]
Compiling architecture lut3_v of entity unisim.LUT3 [\LUT3(init="00000100")(0,7)\]
Compiling architecture lut4_v of entity unisim.LUT4 [\LUT4(init="0111010000000000")(0...]
Compiling architecture lut4_v of entity unisim.LUT4 [\LUT4(init="0101101000111100")(0...]
Compiling architecture lut3_v of entity unisim.LUT3 [\LUT3(init="00101111")(0,7)\]
Compiling architecture lut4_v of entity unisim.LUT4 [\LUT4(init="0001000000000000")(0...]
Compiling architecture lut4_v of entity unisim.LUT4 [\LUT4(init="0101010000000000")(0...]
Compiling architecture lut2_v of entity unisim.LUT2 [\LUT2(init="1101")(0,3)\]
Compiling architecture lut4_v of entity unisim.LUT4 [\LUT4(init="0100000111111100")(0...]
Compiling architecture lut2_v of entity unisim.LUT2 [\LUT2(init="1000")(0,3)\]
Compiling architecture lut4_v of entity unisim.LUT4 [\LUT4(init="0000000000000001")(0...]
Compiling architecture muxcy_v of entity unisim.MUXCY [muxcy_default]
Compiling architecture lut3_v of entity unisim.LUT3 [\LUT3(init="00111111")(0,7)\]
Compiling architecture xorcy_v of entity unisim.XORCY [xorcy_default]
Compiling architecture lut4_v of entity unisim.LUT4 [\LUT4(init="0110100110010110")(0...]
Compiling architecture lut4_v of entity unisim.LUT4 [\LUT4(init="1111001111111111")(0...]
Compiling architecture lut3_v of entity unisim.LUT3 [\LUT3(init="11110011")(0,7)\]
Compiling architecture lut2_v of entity unisim.LUT2 [\LUT2(init="1100")(0,3)\]
Compiling architecture lut2_v of entity unisim.LUT2 [\LUT2(init="0011")(0,3)\]
Compiling architecture inv_v of entity unisim.INV [inv_default]
Compiling architecture lut4_v of entity unisim.LUT4 [\LUT4(init="0000000101000101")(0...]
Compiling architecture lut4_v of entity unisim.LUT4 [\LUT4(init="0000010000000000")(0...]
Compiling architecture lut4_v of entity unisim.LUT4 [\LUT4(init="1000000000000000")(0...]
Compiling architecture lut4_v of entity unisim.LUT4 [\LUT4(init="1111111111100010")(0...]
Compiling architecture lut3_v of entity unisim.LUT3 [\LUT3(init="11001010")(0,7)\]
Compiling architecture muxf5_v of entity unisim.MUXF5 [muxf5_default]
Compiling architecture lut3_v of entity unisim.LUT3 [\LUT3(init="00011111")(0,7)\]
Compiling architecture lut4_v of entity unisim.LUT4 [\LUT4(init="0000000000000010")(0...]
Compiling architecture lut4_v of entity unisim.LUT4 [\LUT4(init="0000000000010000")(0...]
Compiling architecture lut4_v of entity unisim.LUT4 [\LUT4(init="0100000000000000")(0...]
Compiling architecture lut4_v of entity unisim.LUT4 [\LUT4(init="0000000100000000")(0...]
Compiling architecture low_level_definition of entity xil_defaultlib.kcpsm3 [kcpsm3_default]
Compiling architecture rb18_internal_vhdl_v of entity unisim.RB18_INTERNAL_VHDL [\RB18_INTERNAL_VHDL(bram_size=18...]
Compiling architecture ramb18e1_v of entity unisim.RAMB18E1 [\RAMB18E1(initp_00="010011010011...]
Compiling architecture low_level_definition of entity xil_defaultlib.picocode_s7 [picocode_s7_default]
Compiling architecture rtl of entity xil_defaultlib.picoblaze3_empotrado_s7 [picoblaze3_empotrado_s7_default]
Compiling architecture behavioral of entity xil_defaultlib.selec_16_salidas_con_reg_y_mem_esc_lec [selec_16_salidas_con_reg_y_mem_e...]
Compiling architecture behavioral of entity xil_defaultlib.registro_8_bits [registro_8_bits_default]
Compiling architecture behavioral of entity xil_defaultlib.Control_visualizador_dinamico_8digitos_7seg [control_visualizador_dinamico_8d...]
Compiling architecture behavioral of entity xil_defaultlib.Sistema_empotrado [sistema_empotrado_default]
Compiling architecture behavioral of entity xil_defaultlib.tb_sistem_empotrado
Built simulation snapshot TB_Sistem_Empotrado_behav
