Vivado Simulator 2018.3
Copyright 1986-1999, 2001-2018 Xilinx, Inc. All Rights Reserved.
Running: C:/Xilinx/Vivado/2018.3/bin/unwrapped/win64.o/xelab.exe -wto 8c743ac7bfa44c6fa1d2051f2bac39fb --incr --debug typical --relax --mt 2 -L xil_defaultlib -L secureip --snapshot Interfaz_ps2_TB_behav xil_defaultlib.Interfaz_ps2_TB -log elaborate.log 
Using 2 slave threads.
Starting static elaboration
Completed static elaboration
Starting simulation data flow analysis
Completed simulation data flow analysis
Time Resolution for simulation is 1ps
Compiling package std.standard
Compiling package std.textio
Compiling package ieee.std_logic_1164
Compiling package ieee.std_logic_arith
Compiling architecture behavioral of entity xil_defaultlib.Maquina_estados [maquina_estados_default]
Compiling architecture behavioral of entity xil_defaultlib.Biestable_ps2_data [biestable_ps2_data_default]
Compiling architecture behavioral of entity xil_defaultlib.detector_flancos [detector_flancos_default]
Compiling architecture behavioral of entity xil_defaultlib.reg_desplazamiento [reg_desplazamiento_default]
Compiling architecture behavioral of entity xil_defaultlib.contador_estados [contador_estados_default]
Compiling architecture behavioral of entity xil_defaultlib.Reg [reg_default]
Compiling architecture behavioral of entity xil_defaultlib.Reg_parity [reg_parity_default]
Compiling architecture behavioral of entity xil_defaultlib.Detector_paridad [detector_paridad_default]
Compiling architecture behavioral of entity xil_defaultlib.Unidad_Operativa [unidad_operativa_default]
Compiling architecture behavioral of entity xil_defaultlib.interfaz_ps2 [interfaz_ps2_default]
Compiling architecture behavioral of entity xil_defaultlib.interfaz_ps2_tb
Built simulation snapshot Interfaz_ps2_TB_behav
