INFO: [VRFC 10-163] Analyzing VHDL file "C:/Users/alumno/Desktop/Practica2/Practica2/PS2/PS2.srcs/sources_1/new/Biestable_ps2_data.vhd" into library xil_defaultlib
INFO: [VRFC 10-3107] analyzing entity 'Biestable_ps2_data'
INFO: [VRFC 10-163] Analyzing VHDL file "C:/Users/alumno/Desktop/Practica2/Practica2/PS2/PS2.srcs/sources_1/new/Detector_paridad.vhd" into library xil_defaultlib
INFO: [VRFC 10-3107] analyzing entity 'Detector_paridad'
INFO: [VRFC 10-163] Analyzing VHDL file "C:/Users/alumno/Desktop/Practica2/Practica2/PS2/PS2.srcs/sources_1/new/Maquina_estados.vhd" into library xil_defaultlib
INFO: [VRFC 10-3107] analyzing entity 'Maquina_estados'
INFO: [VRFC 10-163] Analyzing VHDL file "C:/Users/alumno/Desktop/Practica2/Practica2/PS2/PS2.srcs/sources_1/new/Reg.vhd" into library xil_defaultlib
INFO: [VRFC 10-3107] analyzing entity 'Reg'
INFO: [VRFC 10-163] Analyzing VHDL file "C:/Users/alumno/Desktop/Practica2/Practica2/PS2/PS2.srcs/sources_1/new/Reg_parity.vhd" into library xil_defaultlib
INFO: [VRFC 10-3107] analyzing entity 'Reg_parity'
INFO: [VRFC 10-163] Analyzing VHDL file "C:/Users/alumno/Desktop/Practica2/Practica2/PS2/PS2.srcs/sources_1/new/Unidad_Operativa.vhd" into library xil_defaultlib
INFO: [VRFC 10-3107] analyzing entity 'Unidad_Operativa'
INFO: [VRFC 10-163] Analyzing VHDL file "C:/Users/alumno/Desktop/Practica2/Practica2/PS2/PS2.srcs/sources_1/new/contador.vhd" into library xil_defaultlib
INFO: [VRFC 10-3107] analyzing entity 'contador_estados'
INFO: [VRFC 10-163] Analyzing VHDL file "C:/Users/alumno/Desktop/Practica2/Practica2/PS2/PS2.srcs/sources_1/new/detector_flancos.vhd" into library xil_defaultlib
INFO: [VRFC 10-3107] analyzing entity 'detector_flancos'
INFO: [VRFC 10-163] Analyzing VHDL file "C:/Users/alumno/Desktop/Practica2/Practica2/PS2/PS2.srcs/sources_1/new/interfaz_ps2.vhd" into library xil_defaultlib
INFO: [VRFC 10-3107] analyzing entity 'interfaz_ps2'
INFO: [VRFC 10-163] Analyzing VHDL file "C:/Users/alumno/Desktop/Practica2/Practica2/PS2/PS2.srcs/sources_1/new/reg_desplazamiento.vhd" into library xil_defaultlib
INFO: [VRFC 10-3107] analyzing entity 'reg_desplazamiento'
INFO: [VRFC 10-163] Analyzing VHDL file "C:/Users/alumno/Desktop/Practica2/Practica2/PS2/PS2.srcs/sim_1/new/Interfaz_ps2_TB.vhd" into library xil_defaultlib
INFO: [VRFC 10-3107] analyzing entity 'Interfaz_ps2_TB'
