INFO: [VRFC 10-163] Analyzing VHDL file "C:/Users/alumno/Desktop/CEPPicoblaze2/SistemaEmpotradoPicoblaze/SistemaEmpotradoPicoblaze.srcs/sources_1/new/Control_visualizador_dinamico_8digitos_7seg.vhd" into library xil_defaultlib
INFO: [VRFC 10-3107] analyzing entity 'Control_visualizador_dinamico_8digitos_7seg'
INFO: [VRFC 10-163] Analyzing VHDL file "C:/Users/alumno/Desktop/CEPPicoblaze2/SistemaEmpotradoPicoblaze/SistemaEmpotradoPicoblaze.srcs/sources_1/new/D_flip_flop.vhd" into library xil_defaultlib
INFO: [VRFC 10-3107] analyzing entity 'd_flip_flop'
INFO: [VRFC 10-163] Analyzing VHDL file "C:/Users/alumno/Desktop/CEPPicoblaze2/SistemaEmpotradoPicoblaze/SistemaEmpotradoPicoblaze.srcs/sources_1/new/Generador_CE_1KHz.vhd" into library xil_defaultlib
INFO: [VRFC 10-3107] analyzing entity 'Generador_CE_1KHz'
INFO: [VRFC 10-163] Analyzing VHDL file "C:/Users/alumno/Desktop/CEPPicoblaze2/SistemaEmpotradoPicoblaze/SistemaEmpotradoPicoblaze.srcs/sources_1/new/Sistema_empotrado.vhd" into library xil_defaultlib
INFO: [VRFC 10-3107] analyzing entity 'Sistema_empotrado'
INFO: [VRFC 10-163] Analyzing VHDL file "C:/Users/alumno/Desktop/CEPPicoblaze2/SistemaEmpotradoPicoblaze/SistemaEmpotradoPicoblaze.srcs/sources_1/new/codificador_con_prioridad_2_a_1.vhd" into library xil_defaultlib
INFO: [VRFC 10-3107] analyzing entity 'codificador_con_prioridad_2_a_1'
INFO: [VRFC 10-163] Analyzing VHDL file "C:/Users/alumno/Desktop/CEPPicoblaze2/SistemaEmpotradoPicoblaze/SistemaEmpotradoPicoblaze.srcs/sources_1/new/decodificador_1_a_2.vhd" into library xil_defaultlib
INFO: [VRFC 10-3107] analyzing entity 'decodificador_1_a_2'
INFO: [VRFC 10-163] Analyzing VHDL file "C:/Users/alumno/Desktop/CEPPicoblaze2/SistemaEmpotradoPicoblaze/SistemaEmpotradoPicoblaze.srcs/sources_1/new/detector_flancos.vhd" into library xil_defaultlib
INFO: [VRFC 10-3107] analyzing entity 'detector_flancos'
INFO: [VRFC 10-163] Analyzing VHDL file "C:/Users/alumno/Desktop/CEPPicoblaze2/SistemaEmpotradoPicoblaze/SistemaEmpotradoPicoblaze.srcs/sources_1/new/gestion_2_interrupciones.vhd" into library xil_defaultlib
INFO: [VRFC 10-3107] analyzing entity 'gestion_2_interrupciones'
INFO: [VRFC 10-163] Analyzing VHDL file "C:/Users/alumno/Desktop/CEPPicoblaze2/SistemaEmpotradoPicoblaze/SistemaEmpotradoPicoblaze.srcs/sources_1/imports/Sw/kcpsm3.vhd" into library xil_defaultlib
INFO: [VRFC 10-3107] analyzing entity 'kcpsm3'
INFO: [VRFC 10-163] Analyzing VHDL file "C:/Users/alumno/Desktop/CEPPicoblaze2/SistemaEmpotradoPicoblaze/SistemaEmpotradoPicoblaze.srcs/sources_1/new/or_2_bits.vhd" into library xil_defaultlib
INFO: [VRFC 10-3107] analyzing entity 'or_2_bits'
INFO: [VRFC 10-163] Analyzing VHDL file "C:/Users/alumno/Desktop/CEPPicoblaze2/SistemaEmpotradoPicoblaze/SistemaEmpotradoPicoblaze.srcs/sources_1/imports/Sw/picoblaze3_empotrado_s7.vhd" into library xil_defaultlib
INFO: [VRFC 10-3107] analyzing entity 'picoblaze3_empotrado_s7'
INFO: [VRFC 10-163] Analyzing VHDL file "C:/Users/alumno/Desktop/CEPPicoblaze2/SistemaEmpotradoPicoblaze/Sw/picocode_s7.vhd" into library xil_defaultlib
INFO: [VRFC 10-3107] analyzing entity 'picocode_s7'
INFO: [VRFC 10-163] Analyzing VHDL file "C:/Users/alumno/Desktop/CEPPicoblaze2/SistemaEmpotradoPicoblaze/SistemaEmpotradoPicoblaze.srcs/sources_1/new/registro_8_bits.vhd" into library xil_defaultlib
INFO: [VRFC 10-3107] analyzing entity 'registro_8_bits'
INFO: [VRFC 10-163] Analyzing VHDL file "C:/Users/alumno/Desktop/CEPPicoblaze2/SistemaEmpotradoPicoblaze/SistemaEmpotradoPicoblaze.srcs/sources_1/new/rs_flip_flop.vhd" into library xil_defaultlib
INFO: [VRFC 10-3107] analyzing entity 'rs_flip_flop'
INFO: [VRFC 10-163] Analyzing VHDL file "C:/Users/alumno/Desktop/CEPPicoblaze2/SistemaEmpotradoPicoblaze/SistemaEmpotradoPicoblaze.srcs/sources_1/new/selec_16_entradas_con_reg_y_bypass.vhd" into library xil_defaultlib
INFO: [VRFC 10-3107] analyzing entity 'selec_16_entradas_con_reg_y_bypass'
INFO: [VRFC 10-163] Analyzing VHDL file "C:/Users/alumno/Desktop/CEPPicoblaze2/SistemaEmpotradoPicoblaze/SistemaEmpotradoPicoblaze.srcs/sources_1/new/selec_16_salidas_con_reg_y_mem_esc_lec.vhd" into library xil_defaultlib
INFO: [VRFC 10-3107] analyzing entity 'selec_16_salidas_con_reg_y_mem_esc_lec'
INFO: [VRFC 10-163] Analyzing VHDL file "C:/Users/alumno/Desktop/CEPPicoblaze2/SistemaEmpotradoPicoblaze/SistemaEmpotradoPicoblaze.srcs/sim_1/new/Sistema_empotrado_TB.vhd" into library xil_defaultlib
INFO: [VRFC 10-3107] analyzing entity 'Sistema_empotrado_TB'
INFO: [VRFC 10-163] Analyzing VHDL file "/home/diego/Escritorio/Sistema_empotrado_basico_ejercicio_1/SistemaEmpotradoPicoblaze/SistemaEmpotradoPicoblaze.srcs/sources_1/new/Control_visualizador_dinamico_8digitos_7seg.vhd" into library xil_defaultlib
INFO: [VRFC 10-3107] analyzing entity 'Control_visualizador_dinamico_8digitos_7seg'
INFO: [VRFC 10-163] Analyzing VHDL file "/home/diego/Escritorio/Sistema_empotrado_basico_ejercicio_1/SistemaEmpotradoPicoblaze/SistemaEmpotradoPicoblaze.srcs/sources_1/new/D_flip_flop.vhd" into library xil_defaultlib
INFO: [VRFC 10-3107] analyzing entity 'd_flip_flop'
INFO: [VRFC 10-163] Analyzing VHDL file "/home/diego/Escritorio/Sistema_empotrado_basico_ejercicio_1/SistemaEmpotradoPicoblaze/SistemaEmpotradoPicoblaze.srcs/sources_1/new/Generador_CE_1KHz.vhd" into library xil_defaultlib
INFO: [VRFC 10-3107] analyzing entity 'Generador_CE_1KHz'
INFO: [VRFC 10-163] Analyzing VHDL file "/home/diego/Escritorio/Sistema_empotrado_basico_ejercicio_1/SistemaEmpotradoPicoblaze/SistemaEmpotradoPicoblaze.srcs/sources_1/new/Sistema_empotrado.vhd" into library xil_defaultlib
INFO: [VRFC 10-3107] analyzing entity 'Sistema_empotrado'
INFO: [VRFC 10-163] Analyzing VHDL file "/home/diego/Escritorio/Sistema_empotrado_basico_ejercicio_1/SistemaEmpotradoPicoblaze/SistemaEmpotradoPicoblaze.srcs/sources_1/new/bbfifo_16x8.vhd" into library xil_defaultlib
INFO: [VRFC 10-3107] analyzing entity 'bbfifo_16x8'
INFO: [VRFC 10-163] Analyzing VHDL file "/home/diego/Escritorio/Sistema_empotrado_basico_ejercicio_1/SistemaEmpotradoPicoblaze/SistemaEmpotradoPicoblaze.srcs/sources_1/new/codificador_con_prioridad_2_a_1.vhd" into library xil_defaultlib
INFO: [VRFC 10-3107] analyzing entity 'codificador_con_prioridad_2_a_1'
INFO: [VRFC 10-163] Analyzing VHDL file "/home/diego/Escritorio/Sistema_empotrado_basico_ejercicio_1/SistemaEmpotradoPicoblaze/SistemaEmpotradoPicoblaze.srcs/sources_1/new/decodificador_1_a_2.vhd" into library xil_defaultlib
INFO: [VRFC 10-3107] analyzing entity 'decodificador_1_a_2'
INFO: [VRFC 10-163] Analyzing VHDL file "/home/diego/Escritorio/Sistema_empotrado_basico_ejercicio_1/SistemaEmpotradoPicoblaze/SistemaEmpotradoPicoblaze.srcs/sources_1/new/detector_flancos.vhd" into library xil_defaultlib
INFO: [VRFC 10-3107] analyzing entity 'detector_flancos'
INFO: [VRFC 10-163] Analyzing VHDL file "/home/diego/Escritorio/Sistema_empotrado_basico_ejercicio_1/SistemaEmpotradoPicoblaze/SistemaEmpotradoPicoblaze.srcs/sources_1/new/generador_baudios.vhd" into library xil_defaultlib
INFO: [VRFC 10-3107] analyzing entity 'generador_baudios'
INFO: [VRFC 10-163] Analyzing VHDL file "/home/diego/Escritorio/Sistema_empotrado_basico_ejercicio_1/SistemaEmpotradoPicoblaze/SistemaEmpotradoPicoblaze.srcs/sources_1/new/gestion_2_interrupciones.vhd" into library xil_defaultlib
INFO: [VRFC 10-3107] analyzing entity 'gestion_2_interrupciones'
INFO: [VRFC 10-163] Analyzing VHDL file "/home/diego/Escritorio/Sistema_empotrado_basico_ejercicio_1/SistemaEmpotradoPicoblaze/SistemaEmpotradoPicoblaze.srcs/sources_1/imports/Sw/kcpsm3.vhd" into library xil_defaultlib
INFO: [VRFC 10-3107] analyzing entity 'kcpsm3'
INFO: [VRFC 10-163] Analyzing VHDL file "/home/diego/Escritorio/Sistema_empotrado_basico_ejercicio_1/SistemaEmpotradoPicoblaze/SistemaEmpotradoPicoblaze.srcs/sources_1/new/kcuart_rx.vhd" into library xil_defaultlib
INFO: [VRFC 10-3107] analyzing entity 'kcuart_rx'
INFO: [VRFC 10-163] Analyzing VHDL file "/home/diego/Escritorio/Sistema_empotrado_basico_ejercicio_1/SistemaEmpotradoPicoblaze/SistemaEmpotradoPicoblaze.srcs/sources_1/new/kcuart_tx.vhd" into library xil_defaultlib
INFO: [VRFC 10-3107] analyzing entity 'kcuart_tx'
INFO: [VRFC 10-163] Analyzing VHDL file "/home/diego/Escritorio/Sistema_empotrado_basico_ejercicio_1/SistemaEmpotradoPicoblaze/SistemaEmpotradoPicoblaze.srcs/sources_1/new/or_2_bits.vhd" into library xil_defaultlib
INFO: [VRFC 10-3107] analyzing entity 'or_2_bits'
INFO: [VRFC 10-163] Analyzing VHDL file "/home/diego/Escritorio/Sistema_empotrado_basico_ejercicio_1/SistemaEmpotradoPicoblaze/SistemaEmpotradoPicoblaze.srcs/sources_1/imports/Sw/picoblaze3_empotrado_s7.vhd" into library xil_defaultlib
INFO: [VRFC 10-3107] analyzing entity 'picoblaze3_empotrado_s7'
INFO: [VRFC 10-163] Analyzing VHDL file "/home/diego/Escritorio/Sistema_empotrado_basico_ejercicio_1/SistemaEmpotradoPicoblaze/Sw/picocode_s7.vhd" into library xil_defaultlib
INFO: [VRFC 10-3107] analyzing entity 'picocode_s7'
INFO: [VRFC 10-163] Analyzing VHDL file "/home/diego/Escritorio/Sistema_empotrado_basico_ejercicio_1/SistemaEmpotradoPicoblaze/SistemaEmpotradoPicoblaze.srcs/sources_1/new/registro_8_bits.vhd" into library xil_defaultlib
INFO: [VRFC 10-3107] analyzing entity 'registro_8_bits'
INFO: [VRFC 10-163] Analyzing VHDL file "/home/diego/Escritorio/Sistema_empotrado_basico_ejercicio_1/SistemaEmpotradoPicoblaze/SistemaEmpotradoPicoblaze.srcs/sources_1/new/rs_flip_flop.vhd" into library xil_defaultlib
INFO: [VRFC 10-3107] analyzing entity 'rs_flip_flop'
INFO: [VRFC 10-163] Analyzing VHDL file "/home/diego/Escritorio/Sistema_empotrado_basico_ejercicio_1/SistemaEmpotradoPicoblaze/SistemaEmpotradoPicoblaze.srcs/sources_1/new/selec_16_entradas_con_reg_y_bypass.vhd" into library xil_defaultlib
INFO: [VRFC 10-3107] analyzing entity 'selec_16_entradas_con_reg_y_bypass'
INFO: [VRFC 10-163] Analyzing VHDL file "/home/diego/Escritorio/Sistema_empotrado_basico_ejercicio_1/SistemaEmpotradoPicoblaze/SistemaEmpotradoPicoblaze.srcs/sources_1/new/selec_16_salidas_con_reg_y_mem_esc_lec.vhd" into library xil_defaultlib
INFO: [VRFC 10-3107] analyzing entity 'selec_16_salidas_con_reg_y_mem_esc_lec'
INFO: [VRFC 10-163] Analyzing VHDL file "/home/diego/Escritorio/Sistema_empotrado_basico_ejercicio_1/SistemaEmpotradoPicoblaze/SistemaEmpotradoPicoblaze.srcs/sources_1/new/uart_rs232.vhd" into library xil_defaultlib
INFO: [VRFC 10-3107] analyzing entity 'uart_rs232'
INFO: [VRFC 10-163] Analyzing VHDL file "/home/diego/Escritorio/Sistema_empotrado_basico_ejercicio_1/SistemaEmpotradoPicoblaze/SistemaEmpotradoPicoblaze.srcs/sources_1/new/uart_rx.vhd" into library xil_defaultlib
INFO: [VRFC 10-3107] analyzing entity 'uart_rx'
INFO: [VRFC 10-163] Analyzing VHDL file "/home/diego/Escritorio/Sistema_empotrado_basico_ejercicio_1/SistemaEmpotradoPicoblaze/SistemaEmpotradoPicoblaze.srcs/sources_1/new/uart_tx.vhd" into library xil_defaultlib
INFO: [VRFC 10-3107] analyzing entity 'uart_tx'
INFO: [VRFC 10-163] Analyzing VHDL file "/home/diego/Escritorio/Sistema_empotrado_basico_ejercicio_1/SistemaEmpotradoPicoblaze/SistemaEmpotradoPicoblaze.srcs/sim_1/new/Sistema_empotrado_TB.vhd" into library xil_defaultlib
INFO: [VRFC 10-3107] analyzing entity 'Sistema_empotrado_TB'
INFO: [VRFC 10-163] Analyzing VHDL file "/home/diego/Escritorio/Sistema_empotrado_basico_ejercicio_1/SistemaEmpotradoPicoblaze/SistemaEmpotradoPicoblaze.srcs/sim_1/new/Sistema_empotrado_TB.vhd" into library xil_defaultlib
INFO: [VRFC 10-3107] analyzing entity 'Sistema_empotrado_TB'
